# JRE version: Java(TM) SE Runtime Environment 18.9 (11.0.7+8) (build 11.0.7+8-LTS)
# Java VM: Java HotSpot(TM) 64-Bit Server VM 18.9 (11.0.7+8-LTS, mixed mode, tiered, compressed oops, g1 gc, windows-amd64)
Heap:
 garbage-first heap   total 262144K, used 108146K [0x00000000e0000000, 0x0000000100000000)
  region size 1024K, 70 young (71680K), 14 survivors (14336K)
 Metaspace       used 55359K, capacity 57003K, committed 57136K, reserved 305152K
  class space    used 6981K, capacity 7548K, committed 7552K, reserved 253952K
GC Heap History (10 events):
Event: 4.809 GC heap before
{Heap before GC invocations=8 (full 0):
 garbage-first heap   total 262144K, used 171320K [0x00000000e0000000, 0x0000000100000000)
  region size 1024K, 153 young (156672K), 7 survivors (7168K)
 Metaspace       used 45918K, capacity 47105K, committed 47408K, reserved 294912K
  class space    used 6040K, capacity 6471K, committed 6528K, reserved 253952K
}
Event: 4.817 GC heap after
{Heap after GC invocations=9 (full 0):
 garbage-first heap   total 262144K, used 30761K [0x00000000e0000000, 0x0000000100000000)
  region size 1024K, 16 young (16384K), 16 survivors (16384K)
 Metaspace       used 45918K, capacity 47105K, committed 47408K, reserved 294912K
  class space    used 6040K, capacity 6471K, committed 6528K, reserved 253952K
}
Event: 6.074 GC heap before
{Heap before GC invocations=9 (full 0):
 garbage-first heap   total 262144K, used 170025K [0x00000000e0000000, 0x0000000100000000)
  region size 1024K, 153 young (156672K), 16 survivors (16384K)
 Metaspace       used 51820K, capacity 53121K, committed 53296K, reserved 301056K
  class space    used 6700K, capacity 7222K, committed 7296K, reserved 253952K
}
Event: 6.085 GC heap after
{Heap after GC invocations=10 (full 0):
 garbage-first heap   total 262144K, used 39431K [0x00000000e0000000, 0x0000000100000000)
  region size 1024K, 18 young (18432K), 18 survivors (18432K)
 Metaspace       used 51820K, capacity 53121K, committed 53296K, reserved 301056K
  class space    used 6700K, capacity 7222K, committed 7296K, reserved 253952K
}
Event: 6.620 GC heap before
{Heap before GC invocations=10 (full 0):
 garbage-first heap   total 262144K, used 177671K [0x00000000e0000000, 0x0000000100000000)
  region size 1024K, 153 young (156672K), 18 survivors (18432K)
 Metaspace       used 52902K, capacity 54299K, committed 54448K, reserved 301056K
  class space    used 6827K, capacity 7353K, committed 7424K, reserved 253952K
}
Event: 6.630 GC heap after
{Heap after GC invocations=11 (full 0):
 garbage-first heap   total 262144K, used 43907K [0x00000000e0000000, 0x0000000100000000)
  region size 1024K, 13 young (13312K), 13 survivors (13312K)
 Metaspace       used 52902K, capacity 54299K, committed 54448K, reserved 301056K
  class space    used 6827K, capacity 7353K, committed 7424K, reserved 253952K
}
Event: 2252.722 GC heap before
{Heap before GC invocations=11 (full 0):
 garbage-first heap   total 262144K, used 186243K [0x00000000e0000000, 0x0000000100000000)
  region size 1024K, 153 young (156672K), 13 survivors (13312K)
 Metaspace       used 54561K, capacity 56038K, committed 56368K, reserved 303104K
  class space    used 6913K, capacity 7452K, committed 7552K, reserved 253952K
}
Event: 2252.757 GC heap after
{Heap after GC invocations=12 (full 0):
 garbage-first heap   total 262144K, used 47524K [0x00000000e0000000, 0x0000000100000000)
  region size 1024K, 10 young (10240K), 10 survivors (10240K)
 Metaspace       used 54561K, capacity 56038K, committed 56368K, reserved 303104K
  class space    used 6913K, capacity 7452K, committed 7552K, reserved 253952K
}
Event: 2253.243 GC heap before
{Heap before GC invocations=12 (full 0):
 garbage-first heap   total 262144K, used 193956K [0x00000000e0000000, 0x0000000100000000)
  region size 1024K, 153 young (156672K), 10 survivors (10240K)
 Metaspace       used 54853K, capacity 56438K, committed 56624K, reserved 303104K
  class space    used 6915K, capacity 7456K, committed 7552K, reserved 253952K
}
Event: 2253.256 GC heap after
{Heap after GC invocations=13 (full 0):
 garbage-first heap   total 262144K, used 51826K [0x00000000e0000000, 0x0000000100000000)
  region size 1024K, 14 young (14336K), 14 survivors (14336K)
 Metaspace       used 54853K, capacity 56438K, committed 56624K, reserved 303104K
  class space    used 6915K, capacity 7456K, committed 7552K, reserved 253952K
}

